c:\users\user\downloads\hw03_202204 (1)\hw03_202204\oop_hw03_202204_template_net2019\release\vc142.pdb
c:\users\user\downloads\hw03_202204 (1)\hw03_202204\oop_hw03_202204_template_net2019\release\openglapp_update.obj
c:\users\user\downloads\hw03_202204 (1)\hw03_202204\oop_hw03_202204_template_net2019\release\openglapp_init.obj
c:\users\user\downloads\hw03_202204 (1)\hw03_202204\oop_hw03_202204_template_net2019\release\openglapp_draw.obj
c:\users\user\downloads\hw03_202204 (1)\hw03_202204\oop_hw03_202204_template_net2019\release\openglapp.events.obj
c:\users\user\downloads\hw03_202204 (1)\hw03_202204\oop_hw03_202204_template_net2019\release\openglapp.obj
c:\users\user\downloads\hw03_202204 (1)\hw03_202204\oop_hw03_202204_template_net2019\release\painter_draw.obj
c:\users\user\downloads\hw03_202204 (1)\hw03_202204\oop_hw03_202204_template_net2019\release\opengl_stuff.obj
c:\users\user\downloads\hw03_202204 (1)\hw03_202204\oop_hw03_202204_template_net2019\release\camera.obj
c:\users\user\downloads\hw03_202204 (1)\hw03_202204\oop_hw03_202204_template_net2019\release\mysystemapp_handleevents.obj
c:\users\user\downloads\hw03_202204 (1)\hw03_202204\oop_hw03_202204_template_net2019\release\mysystemapp_draw.obj
c:\users\user\downloads\hw03_202204 (1)\hw03_202204\oop_hw03_202204_template_net2019\release\mysystemapp.obj
c:\users\user\downloads\hw03_202204 (1)\hw03_202204\oop_hw03_202204_template_net2019\release\main.obj
c:\users\user\downloads\hw03_202204 (1)\hw03_202204\oop_hw03_202204_template_net2019\release\basic_app.obj
c:\users\user\downloads\hw03_202204 (1)\hw03_202204\oop_hw03_202204_template_net2019\release\mysystem_imageeditor_draw.obj
c:\users\user\downloads\hw03_202204 (1)\hw03_202204\oop_hw03_202204_template_net2019\release\mysystem_imageeditor.obj
c:\users\user\downloads\hw03_202204 (1)\hw03_202204\oop_hw03_202204_template_net2019\release\mysystem_graphsystem_draw.obj
c:\users\user\downloads\hw03_202204 (1)\hw03_202204\oop_hw03_202204_template_net2019\release\mysystem_graphsystem.obj
c:\users\user\downloads\hw03_202204 (1)\hw03_202204\oop_hw03_202204_template_net2019\release\mysystem_2048_draw.obj
c:\users\user\downloads\hw03_202204 (1)\hw03_202204\oop_hw03_202204_template_net2019\release\mysystem_2048.obj
c:\users\user\downloads\hw03_202204 (1)\hw03_202204\oop_hw03_202204_template_net2019\release\mybasictools.obj
c:\users\user\downloads\hw03_202204 (1)\hw03_202204\oop_hw03_202204_template_net2019\release\texturemanager_read.obj
c:\users\user\downloads\hw03_202204 (1)\hw03_202204\oop_hw03_202204_template_net2019\release\texturemanager.obj
c:\users\user\downloads\hw03_202204 (1)\hw03_202204\oop_hw03_202204_template_net2019\release\texture.obj
c:\users\user\downloads\hw03_202204 (1)\hw03_202204\oop_hw03_202204_template_net2019\release\paintingsystemapp_handleevents.obj
c:\users\user\downloads\hw03_202204 (1)\hw03_202204\oop_hw03_202204_template_net2019\release\paintingsystemapp_draw.obj
c:\users\user\downloads\hw03_202204 (1)\hw03_202204\oop_hw03_202204_template_net2019\release\paintingsystemapp.obj
c:\users\user\downloads\hw03_202204 (1)\hw03_202204\oop_hw03_202204_template_net2019\release\paintingsystem.obj
c:\users\user\downloads\hw03_202204 (1)\hw03_202204\oop_hw03_202204_template_net2019\release\lattice_manager.obj
c:\users\user\downloads\hw03_202204 (1)\hw03_202204\oop_hw03_202204_template_net2019\release\freecanvas2d.obj
c:\users\user\downloads\hw03_202204 (1)\hw03_202204\oop_hw03_202204_template_net2019\release\boardgameapp.obj
c:\users\user\downloads\hw03_202204 (1)\hw03_202204\oop_hw03_202204_template_net2019\release\painter.obj
c:\users\user\downloads\hw03_202204 (1)\hw03_202204\oop_hw03_202204_template_net2019\release\boardgame.obj
c:\users\user\downloads\hw03_202204 (1)\hw03_202204\oop_hw03_202204_template_net2019\release\bg_grid2d.obj
c:\users\user\downloads\hw03_202204 (1)\hw03_202204\oop_hw03_202204_template_net2019\release\imagereader.obj
c:\users\user\downloads\hw03_202204 (1)\hw03_202204\oop_hw03_202204_template_net2019\release\filereader.obj
c:\users\user\downloads\hw03_202204 (1)\hw03_202204\oop_hw03_202204_template_net2019\release\vector3d.obj
c:\users\user\downloads\hw03_202204 (1)\hw03_202204\oop_hw03_202204_template_net2019\release\provider.obj
c:\users\user\downloads\hw03_202204 (1)\hw03_202204\oop_hw03_202204_template_net2019\release\grid2d.obj
c:\users\user\downloads\hw03_202204 (1)\hw03_202204\oop_hw03_202204_template_net2019\release\basic_tools.obj
d:\ds\assignment_3\0711017_胡奕晨\hw03_202204\oop_hw03_202204_template_net2019\release\vc142.pdb
d:\ds\assignment_3\0711017_胡奕晨\hw03_202204\oop_hw03_202204_template_net2019\release\openglapp_update.obj
d:\ds\assignment_3\0711017_胡奕晨\hw03_202204\oop_hw03_202204_template_net2019\release\openglapp_init.obj
d:\ds\assignment_3\0711017_胡奕晨\hw03_202204\oop_hw03_202204_template_net2019\release\openglapp_draw.obj
d:\ds\assignment_3\0711017_胡奕晨\hw03_202204\oop_hw03_202204_template_net2019\release\openglapp.events.obj
d:\ds\assignment_3\0711017_胡奕晨\hw03_202204\oop_hw03_202204_template_net2019\release\openglapp.obj
d:\ds\assignment_3\0711017_胡奕晨\hw03_202204\oop_hw03_202204_template_net2019\release\painter_draw.obj
d:\ds\assignment_3\0711017_胡奕晨\hw03_202204\oop_hw03_202204_template_net2019\release\opengl_stuff.obj
d:\ds\assignment_3\0711017_胡奕晨\hw03_202204\oop_hw03_202204_template_net2019\release\camera.obj
d:\ds\assignment_3\0711017_胡奕晨\hw03_202204\oop_hw03_202204_template_net2019\release\mysystemapp_handleevents.obj
d:\ds\assignment_3\0711017_胡奕晨\hw03_202204\oop_hw03_202204_template_net2019\release\mysystemapp_draw.obj
d:\ds\assignment_3\0711017_胡奕晨\hw03_202204\oop_hw03_202204_template_net2019\release\mysystemapp.obj
d:\ds\assignment_3\0711017_胡奕晨\hw03_202204\oop_hw03_202204_template_net2019\release\main.obj
d:\ds\assignment_3\0711017_胡奕晨\hw03_202204\oop_hw03_202204_template_net2019\release\basic_app.obj
d:\ds\assignment_3\0711017_胡奕晨\hw03_202204\oop_hw03_202204_template_net2019\release\mysystem_imageeditor_draw.obj
d:\ds\assignment_3\0711017_胡奕晨\hw03_202204\oop_hw03_202204_template_net2019\release\mysystem_imageeditor.obj
d:\ds\assignment_3\0711017_胡奕晨\hw03_202204\oop_hw03_202204_template_net2019\release\mysystem_graphsystem_draw.obj
d:\ds\assignment_3\0711017_胡奕晨\hw03_202204\oop_hw03_202204_template_net2019\release\mysystem_graphsystem.obj
d:\ds\assignment_3\0711017_胡奕晨\hw03_202204\oop_hw03_202204_template_net2019\release\mysystem_2048_draw.obj
d:\ds\assignment_3\0711017_胡奕晨\hw03_202204\oop_hw03_202204_template_net2019\release\mysystem_2048.obj
d:\ds\assignment_3\0711017_胡奕晨\hw03_202204\oop_hw03_202204_template_net2019\release\mybasictools.obj
d:\ds\assignment_3\0711017_胡奕晨\hw03_202204\oop_hw03_202204_template_net2019\release\texturemanager_read.obj
d:\ds\assignment_3\0711017_胡奕晨\hw03_202204\oop_hw03_202204_template_net2019\release\texturemanager.obj
d:\ds\assignment_3\0711017_胡奕晨\hw03_202204\oop_hw03_202204_template_net2019\release\texture.obj
d:\ds\assignment_3\0711017_胡奕晨\hw03_202204\oop_hw03_202204_template_net2019\release\paintingsystemapp_handleevents.obj
d:\ds\assignment_3\0711017_胡奕晨\hw03_202204\oop_hw03_202204_template_net2019\release\paintingsystemapp_draw.obj
d:\ds\assignment_3\0711017_胡奕晨\hw03_202204\oop_hw03_202204_template_net2019\release\paintingsystemapp.obj
d:\ds\assignment_3\0711017_胡奕晨\hw03_202204\oop_hw03_202204_template_net2019\release\paintingsystem.obj
d:\ds\assignment_3\0711017_胡奕晨\hw03_202204\oop_hw03_202204_template_net2019\release\lattice_manager.obj
d:\ds\assignment_3\0711017_胡奕晨\hw03_202204\oop_hw03_202204_template_net2019\release\freecanvas2d.obj
d:\ds\assignment_3\0711017_胡奕晨\hw03_202204\oop_hw03_202204_template_net2019\release\boardgameapp.obj
d:\ds\assignment_3\0711017_胡奕晨\hw03_202204\oop_hw03_202204_template_net2019\release\painter.obj
d:\ds\assignment_3\0711017_胡奕晨\hw03_202204\oop_hw03_202204_template_net2019\release\boardgame.obj
d:\ds\assignment_3\0711017_胡奕晨\hw03_202204\oop_hw03_202204_template_net2019\release\bg_grid2d.obj
d:\ds\assignment_3\0711017_胡奕晨\hw03_202204\oop_hw03_202204_template_net2019\release\imagereader.obj
d:\ds\assignment_3\0711017_胡奕晨\hw03_202204\oop_hw03_202204_template_net2019\release\filereader.obj
d:\ds\assignment_3\0711017_胡奕晨\hw03_202204\oop_hw03_202204_template_net2019\release\vector3d.obj
d:\ds\assignment_3\0711017_胡奕晨\hw03_202204\oop_hw03_202204_template_net2019\release\provider.obj
d:\ds\assignment_3\0711017_胡奕晨\hw03_202204\oop_hw03_202204_template_net2019\release\grid2d.obj
d:\ds\assignment_3\0711017_胡奕晨\hw03_202204\oop_hw03_202204_template_net2019\release\basic_tools.obj
c:\users\user\downloads\hw03_202204 (1)\hw03_202204\oop_hw03_202204_template_net2019\bin\release\selfmotivatedsystem.exe
c:\users\user\downloads\hw03_202204 (1)\hw03_202204\oop_hw03_202204_template_net2019\release\selfmotivatedsystem.ipdb
c:\users\user\downloads\hw03_202204 (1)\hw03_202204\oop_hw03_202204_template_net2019\release\selfmotivatedsystem.iobj
c:\users\user\downloads\hw03_202204 (1)\hw03_202204\oop_hw03_202204_template_net2019\release\selfmotivatedsystem.pdb
d:\ds\assignment_3\0711017_胡奕晨\hw03_202204\oop_hw03_202204_template_net2019\bin\release\selfmotivatedsystem.exe
d:\ds\assignment_3\0711017_胡奕晨\hw03_202204\oop_hw03_202204_template_net2019\release\selfmotivatedsystem.ipdb
d:\ds\assignment_3\0711017_胡奕晨\hw03_202204\oop_hw03_202204_template_net2019\release\selfmotivatedsystem.iobj
d:\ds\assignment_3\0711017_胡奕晨\hw03_202204\oop_hw03_202204_template_net2019\release\selfmotivatedsystem.pdb
d:\ds\assignment_3\0711017_胡奕晨\hw03_202204\oop_hw03_202204_template_net2019\release\selfmoti.a256cbfc.tlog\cl.command.1.tlog
d:\ds\assignment_3\0711017_胡奕晨\hw03_202204\oop_hw03_202204_template_net2019\release\selfmoti.a256cbfc.tlog\cl.read.1.tlog
d:\ds\assignment_3\0711017_胡奕晨\hw03_202204\oop_hw03_202204_template_net2019\release\selfmoti.a256cbfc.tlog\cl.write.1.tlog
d:\ds\assignment_3\0711017_胡奕晨\hw03_202204\oop_hw03_202204_template_net2019\release\selfmoti.a256cbfc.tlog\link.command.1.tlog
d:\ds\assignment_3\0711017_胡奕晨\hw03_202204\oop_hw03_202204_template_net2019\release\selfmoti.a256cbfc.tlog\link.read.1.tlog
d:\ds\assignment_3\0711017_胡奕晨\hw03_202204\oop_hw03_202204_template_net2019\release\selfmoti.a256cbfc.tlog\link.write.1.tlog
d:\ds\assignment_3\0711017_胡奕晨\hw03_202204\oop_hw03_202204_template_net2019\release\selfmoti.a256cbfc.tlog\selfmotivatedsystem.write.1u.tlog
