c:\users\user\downloads\0711017_胡奕晨\0711017_胡奕晨\oop_hw02_template_net2019_202202\oop_hw02_template_net2019_202202\release\vc142.pdb
c:\users\user\downloads\0711017_胡奕晨\0711017_胡奕晨\oop_hw02_template_net2019_202202\oop_hw02_template_net2019_202202\release\openglapp_update.obj
c:\users\user\downloads\0711017_胡奕晨\0711017_胡奕晨\oop_hw02_template_net2019_202202\oop_hw02_template_net2019_202202\release\openglapp_init.obj
c:\users\user\downloads\0711017_胡奕晨\0711017_胡奕晨\oop_hw02_template_net2019_202202\oop_hw02_template_net2019_202202\release\openglapp_draw.obj
c:\users\user\downloads\0711017_胡奕晨\0711017_胡奕晨\oop_hw02_template_net2019_202202\oop_hw02_template_net2019_202202\release\openglapp.events.obj
c:\users\user\downloads\0711017_胡奕晨\0711017_胡奕晨\oop_hw02_template_net2019_202202\oop_hw02_template_net2019_202202\release\openglapp.obj
c:\users\user\downloads\0711017_胡奕晨\0711017_胡奕晨\oop_hw02_template_net2019_202202\oop_hw02_template_net2019_202202\release\painter_draw.obj
c:\users\user\downloads\0711017_胡奕晨\0711017_胡奕晨\oop_hw02_template_net2019_202202\oop_hw02_template_net2019_202202\release\opengl_stuff.obj
c:\users\user\downloads\0711017_胡奕晨\0711017_胡奕晨\oop_hw02_template_net2019_202202\oop_hw02_template_net2019_202202\release\camera.obj
c:\users\user\downloads\0711017_胡奕晨\0711017_胡奕晨\oop_hw02_template_net2019_202202\oop_hw02_template_net2019_202202\release\mysystemapp_handleevents.obj
c:\users\user\downloads\0711017_胡奕晨\0711017_胡奕晨\oop_hw02_template_net2019_202202\oop_hw02_template_net2019_202202\release\mysystemapp_draw.obj
c:\users\user\downloads\0711017_胡奕晨\0711017_胡奕晨\oop_hw02_template_net2019_202202\oop_hw02_template_net2019_202202\release\mysystemapp.obj
c:\users\user\downloads\0711017_胡奕晨\0711017_胡奕晨\oop_hw02_template_net2019_202202\oop_hw02_template_net2019_202202\release\main.obj
c:\users\user\downloads\0711017_胡奕晨\0711017_胡奕晨\oop_hw02_template_net2019_202202\oop_hw02_template_net2019_202202\release\basic_app.obj
c:\users\user\downloads\0711017_胡奕晨\0711017_胡奕晨\oop_hw02_template_net2019_202202\oop_hw02_template_net2019_202202\release\mysystem_sortingvisualization.obj
c:\users\user\downloads\0711017_胡奕晨\0711017_胡奕晨\oop_hw02_template_net2019_202202\oop_hw02_template_net2019_202202\release\mysystem_simplepainter.obj
c:\users\user\downloads\0711017_胡奕晨\0711017_胡奕晨\oop_hw02_template_net2019_202202\oop_hw02_template_net2019_202202\release\mysystem_simplefileeditor.obj
c:\users\user\downloads\0711017_胡奕晨\0711017_胡奕晨\oop_hw02_template_net2019_202202\oop_hw02_template_net2019_202202\release\mysystem_montecarlo.obj
c:\users\user\downloads\0711017_胡奕晨\0711017_胡奕晨\oop_hw02_template_net2019_202202\oop_hw02_template_net2019_202202\release\mysystem_galaxysystem.obj
c:\users\user\downloads\0711017_胡奕晨\0711017_胡奕晨\oop_hw02_template_net2019_202202\oop_hw02_template_net2019_202202\release\mysystem_colorpalette.obj
c:\users\user\downloads\0711017_胡奕晨\0711017_胡奕晨\oop_hw02_template_net2019_202202\oop_hw02_template_net2019_202202\release\mybasictools.obj
c:\users\user\downloads\0711017_胡奕晨\0711017_胡奕晨\oop_hw02_template_net2019_202202\oop_hw02_template_net2019_202202\release\texturemanager_read.obj
c:\users\user\downloads\0711017_胡奕晨\0711017_胡奕晨\oop_hw02_template_net2019_202202\oop_hw02_template_net2019_202202\release\texturemanager.obj
c:\users\user\downloads\0711017_胡奕晨\0711017_胡奕晨\oop_hw02_template_net2019_202202\oop_hw02_template_net2019_202202\release\texture.obj
c:\users\user\downloads\0711017_胡奕晨\0711017_胡奕晨\oop_hw02_template_net2019_202202\oop_hw02_template_net2019_202202\release\paintingsystemapp_handleevents.obj
c:\users\user\downloads\0711017_胡奕晨\0711017_胡奕晨\oop_hw02_template_net2019_202202\oop_hw02_template_net2019_202202\release\paintingsystemapp_draw.obj
c:\users\user\downloads\0711017_胡奕晨\0711017_胡奕晨\oop_hw02_template_net2019_202202\oop_hw02_template_net2019_202202\release\paintingsystemapp.obj
c:\users\user\downloads\0711017_胡奕晨\0711017_胡奕晨\oop_hw02_template_net2019_202202\oop_hw02_template_net2019_202202\release\paintingsystem.obj
c:\users\user\downloads\0711017_胡奕晨\0711017_胡奕晨\oop_hw02_template_net2019_202202\oop_hw02_template_net2019_202202\release\lattice_manager.obj
c:\users\user\downloads\0711017_胡奕晨\0711017_胡奕晨\oop_hw02_template_net2019_202202\oop_hw02_template_net2019_202202\release\freecanvas2d.obj
c:\users\user\downloads\0711017_胡奕晨\0711017_胡奕晨\oop_hw02_template_net2019_202202\oop_hw02_template_net2019_202202\release\boardgameapp.obj
c:\users\user\downloads\0711017_胡奕晨\0711017_胡奕晨\oop_hw02_template_net2019_202202\oop_hw02_template_net2019_202202\release\painter.obj
c:\users\user\downloads\0711017_胡奕晨\0711017_胡奕晨\oop_hw02_template_net2019_202202\oop_hw02_template_net2019_202202\release\boardgame.obj
c:\users\user\downloads\0711017_胡奕晨\0711017_胡奕晨\oop_hw02_template_net2019_202202\oop_hw02_template_net2019_202202\release\bg_grid2d.obj
c:\users\user\downloads\0711017_胡奕晨\0711017_胡奕晨\oop_hw02_template_net2019_202202\oop_hw02_template_net2019_202202\release\imagereader.obj
c:\users\user\downloads\0711017_胡奕晨\0711017_胡奕晨\oop_hw02_template_net2019_202202\oop_hw02_template_net2019_202202\release\filereader.obj
c:\users\user\downloads\0711017_胡奕晨\0711017_胡奕晨\oop_hw02_template_net2019_202202\oop_hw02_template_net2019_202202\release\vector3d.obj
c:\users\user\downloads\0711017_胡奕晨\0711017_胡奕晨\oop_hw02_template_net2019_202202\oop_hw02_template_net2019_202202\release\provider.obj
c:\users\user\downloads\0711017_胡奕晨\0711017_胡奕晨\oop_hw02_template_net2019_202202\oop_hw02_template_net2019_202202\release\grid2d.obj
c:\users\user\downloads\0711017_胡奕晨\0711017_胡奕晨\oop_hw02_template_net2019_202202\oop_hw02_template_net2019_202202\release\basic_tools.obj
c:\users\user\downloads\0711017_胡奕晨\0711017_胡奕晨\oop_hw02_template_net2019_202202\oop_hw02_template_net2019_202202\bin\release\selfmotivatedsystem.exe
c:\users\user\downloads\0711017_胡奕晨\0711017_胡奕晨\oop_hw02_template_net2019_202202\oop_hw02_template_net2019_202202\release\selfmotivatedsystem.ipdb
c:\users\user\downloads\0711017_胡奕晨\0711017_胡奕晨\oop_hw02_template_net2019_202202\oop_hw02_template_net2019_202202\release\selfmotivatedsystem.iobj
c:\users\user\downloads\0711017_胡奕晨\0711017_胡奕晨\oop_hw02_template_net2019_202202\oop_hw02_template_net2019_202202\release\selfmotivatedsystem.pdb
c:\users\user\downloads\0711017_胡奕晨\0711017_胡奕晨\oop_hw02_template_net2019_202202\oop_hw02_template_net2019_202202\release\selfmoti.a256cbfc.tlog\cl.command.1.tlog
c:\users\user\downloads\0711017_胡奕晨\0711017_胡奕晨\oop_hw02_template_net2019_202202\oop_hw02_template_net2019_202202\release\selfmoti.a256cbfc.tlog\cl.read.1.tlog
c:\users\user\downloads\0711017_胡奕晨\0711017_胡奕晨\oop_hw02_template_net2019_202202\oop_hw02_template_net2019_202202\release\selfmoti.a256cbfc.tlog\cl.write.1.tlog
c:\users\user\downloads\0711017_胡奕晨\0711017_胡奕晨\oop_hw02_template_net2019_202202\oop_hw02_template_net2019_202202\release\selfmoti.a256cbfc.tlog\link.command.1.tlog
c:\users\user\downloads\0711017_胡奕晨\0711017_胡奕晨\oop_hw02_template_net2019_202202\oop_hw02_template_net2019_202202\release\selfmoti.a256cbfc.tlog\link.read.1.tlog
c:\users\user\downloads\0711017_胡奕晨\0711017_胡奕晨\oop_hw02_template_net2019_202202\oop_hw02_template_net2019_202202\release\selfmoti.a256cbfc.tlog\link.write.1.tlog
c:\users\user\downloads\0711017_胡奕晨\0711017_胡奕晨\oop_hw02_template_net2019_202202\oop_hw02_template_net2019_202202\release\selfmoti.a256cbfc.tlog\selfmotivatedsystem.write.1u.tlog
